<?xml version="1.0" encoding="UTF-8"?>
<testsuite name="TestSuite" time="0.78" tests="41" errors="0" skipped="0" failures="0">
  <properties>
[...]
</properties>
  <testcase name="testRandomByteIterator" classname="site.ycsb.TestByteIterator" time="0.005"/>
  <testcase name="testDouble" classname="site.ycsb.TestNumericByteIterator" time="0"/>
  <testcase name="testLong" classname="site.ycsb.TestNumericByteIterator" time="0.002"/>
  <testcase name="testAcceptableStatus" classname="site.ycsb.TestStatus" time="0"/>
  <testcase name="bytesToDoubleTooShort" classname="site.ycsb.TestUtils" time="0"/>
  <testcase name="bytesToFromDouble" classname="site.ycsb.TestUtils" time="0"/>
  <testcase name="bytesToFromLong" classname="site.ycsb.TestUtils" time="0"/>
  <testcase name="bytesToLongNull" classname="site.ycsb.TestUtils" time="0"/>
  <testcase name="bytesToLongTooShort" classname="site.ycsb.TestUtils" time="0"/>
  <testcase name="jvmUtils" classname="site.ycsb.TestUtils" time="0.054"/>
  <testcase name="testIncrementPastIntegerMaxValue" classname="site.ycsb.generator.AcknowledgedCounterGeneratorTest" time="0.455"/>
  <testcase name="invalidCharacterSets" classname="site.ycsb.generator.TestIncrementingPrintableStringGenerator" time="0.001"/>
  <testcase name="invalidLengths" classname="site.ycsb.generator.TestIncrementingPrintableStringGenerator" time="0"/>
  <testcase name="rolloverException" classname="site.ycsb.generator.TestIncrementingPrintableStringGenerator" time="0"/>
  <testcase name="rolloverOK" classname="site.ycsb.generator.TestIncrementingPrintableStringGenerator" time="0"/>
  <testcase name="rolloverOneCharacterException" classname="site.ycsb.generator.TestIncrementingPrintableStringGenerator" time="0.002"/>
  <testcase name="rolloverOneCharacterOK" classname="site.ycsb.generator.TestIncrementingPrintableStringGenerator" time="0"/>
  <testcase name="systemTime" classname="site.ycsb.generator.TestRandomDiscreteTimestampGenerator" time="0"/>
  <testcase name="tooLarge" classname="site.ycsb.generator.TestRandomDiscreteTimestampGenerator" time="0.034"/>
  <testcase name="withStartTime" classname="site.ycsb.generator.TestRandomDiscreteTimestampGenerator" time="0.001"/>
  <testcase name="ctorWithIntervalAndUnits" classname="site.ycsb.generator.TestUnixEpochTimestampGenerator" time="0.003"/>
  <testcase name="ctorWithIntervalAndUnitsAndStart" classname="site.ycsb.generator.TestUnixEpochTimestampGenerator" time="0"/>
  <testcase name="defaultCtor" classname="site.ycsb.generator.TestUnixEpochTimestampGenerator" time="0"/>
  <testcase name="variousIntervalsAndUnits" classname="site.ycsb.generator.TestUnixEpochTimestampGenerator" time="0.001"/>
  <testcase name="testMinAndMaxParameter" classname="site.ycsb.generator.TestZipfianGenerator" time="0.005"/>
  <testcase name="testJSONArrayMeasurementsExporter" classname="site.ycsb.measurements.exporter.TestMeasurementsExporter" time="0.176"/>
  <testcase name="createOperationChooser" classname="site.ycsb.workloads.TestCoreWorkload" time="0.003"/>
  <testcase name="createOperationChooserNullProperties" classname="site.ycsb.workloads.TestCoreWorkload" time="0"/>
  <testcase name="badTimeUnit" classname="site.ycsb.workloads.TestTimeSeriesWorkload" time="0.002"/>
  <testcase name="failedToInitThread" classname="site.ycsb.workloads.TestTimeSeriesWorkload" time="0.001"/>
  <testcase name="failedToInitWorkloadBeforeThreadInit" classname="site.ycsb.workloads.TestTimeSeriesWorkload" time="0"/>
  <testcase name="insertOneKeyOneTagCardinalityOne" classname="site.ycsb.workloads.TestTimeSeriesWorkload" time="0.01"/>
  <testcase name="insertOneKeyTwoTagsLowCardinality" classname="site.ycsb.workloads.TestTimeSeriesWorkload" time="0.004"/>
  <testcase name="insertThreeKeysTwoThreads" classname="site.ycsb.workloads.TestTimeSeriesWorkload" time="0.001"/>
  <testcase name="insertTwoKeysTwoTagsLowCardinality" classname="site.ycsb.workloads.TestTimeSeriesWorkload" time="0.004"/>
  <testcase name="insertTwoKeysTwoThreads" classname="site.ycsb.workloads.TestTimeSeriesWorkload" time="0.001"/>
  <testcase name="insertWithValidation" classname="site.ycsb.workloads.TestTimeSeriesWorkload" time="0.002"/>
  <testcase name="read" classname="site.ycsb.workloads.TestTimeSeriesWorkload" time="0.001"/>
  <testcase name="twoThreads" classname="site.ycsb.workloads.TestTimeSeriesWorkload" time="0.003"/>
  <testcase name="validateSettingsDataIntegrity" classname="site.ycsb.workloads.TestTimeSeriesWorkload" time="0.002"/>
  <testcase name="verifyRow" classname="site.ycsb.workloads.TestTimeSeriesWorkload" time="0.007"/>
</testsuite>