<?xml version="1.0" encoding="UTF-8"?>
<testng-results skipped="0" failed="0" total="41" passed="41">
  <reporter-output>
  </reporter-output>
  <suite name="Surefire suite" duration-ms="802" started-at="2020-10-29T18:38:18Z" finished-at="2020-10-29T18:38:19Z">
    <groups>
    </groups>
    <test name="Surefire test" duration-ms="802" started-at="2020-10-29T18:38:18Z" finished-at="2020-10-29T18:38:19Z">
      <class name="site.ycsb.workloads.TestTimeSeriesWorkload">
        <test-method status="PASS" signature="badTimeUnit()" name="badTimeUnit" duration-ms="2" started-at="2020-10-29T18:38:19Z" finished-at="2020-10-29T18:38:19Z">
          <exception class="site.ycsb.WorkloadException">
            <message>
              <![CDATA[Unknown time unit type]]>
            </message>
            <full-stacktrace>
              <![CDATA[site.ycsb.WorkloadException: Unknown time unit type
	at site.ycsb.workloads.TimeSeriesWorkload.init(TimeSeriesWorkload.java:625)
	at site.ycsb.workloads.TestTimeSeriesWorkload.getWorkload(TestTimeSeriesWorkload.java:512)
	at site.ycsb.workloads.TestTimeSeriesWorkload.badTimeUnit(TestTimeSeriesWorkload.java:109)
	at sun.reflect.NativeMethodAccessorImpl.invoke0(Native Method)
	at sun.reflect.NativeMethodAccessorImpl.invoke(NativeMethodAccessorImpl.java:62)
	at sun.reflect.DelegatingMethodAccessorImpl.invoke(DelegatingMethodAccessorImpl.java:43)
	at java.lang.reflect.Method.invoke(Method.java:498)
	at org.testng.internal.MethodInvocationHelper.invokeMethod(MethodInvocationHelper.java:80)
	at org.testng.internal.Invoker.invokeMethod(Invoker.java:673)
	at org.testng.internal.Invoker.invokeTestMethod(Invoker.java:842)
	at org.testng.internal.Invoker.invokeTestMethods(Invoker.java:1166)
	at org.testng.internal.TestMethodWorker.invokeTestMethods(TestMethodWorker.java:125)
	at org.testng.internal.TestMethodWorker.run(TestMethodWorker.java:109)
	at org.testng.TestRunner.runWorkers(TestRunner.java:1178)
	at org.testng.TestRunner.privateRun(TestRunner.java:757)
	at org.testng.TestRunner.run(TestRunner.java:608)
	at org.testng.SuiteRunner.runTest(SuiteRunner.java:334)
	at org.testng.SuiteRunner.runSequentially(SuiteRunner.java:329)
	at org.testng.SuiteRunner.privateRun(SuiteRunner.java:291)
	at org.testng.SuiteRunner.run(SuiteRunner.java:240)
	at org.testng.SuiteRunnerWorker.runSuite(SuiteRunnerWorker.java:52)
	at org.testng.SuiteRunnerWorker.run(SuiteRunnerWorker.java:86)
	at org.testng.TestNG.runSuitesSequentially(TestNG.java:1158)
	at org.testng.TestNG.runSuitesLocally(TestNG.java:1083)
	at org.testng.TestNG.run(TestNG.java:999)
	at org.apache.maven.surefire.testng.TestNGExecutor.run(TestNGExecutor.java:115)
	at org.apache.maven.surefire.testng.TestNGDirectoryTestSuite.executeMulti(TestNGDirectoryTestSuite.java:204)
	at org.apache.maven.surefire.testng.TestNGDirectoryTestSuite.execute(TestNGDirectoryTestSuite.java:107)
	at org.apache.maven.surefire.testng.TestNGProvider.invoke(TestNGProvider.java:112)
	at org.apache.maven.surefire.booter.ForkedBooter.invokeProviderInSameClassLoader(ForkedBooter.java:200)
	at org.apache.maven.surefire.booter.ForkedBooter.runSuitesInProcess(ForkedBooter.java:153)
	at org.apache.maven.surefire.booter.ForkedBooter.main(ForkedBooter.java:103)
Caused by: java.lang.IllegalArgumentException: No enum constant java.util.concurrent.TimeUnit.FOOBAR
	at java.lang.Enum.valueOf(Enum.java:238)
	at java.util.concurrent.TimeUnit.valueOf(TimeUnit.java:71)
	at site.ycsb.workloads.TimeSeriesWorkload.init(TimeSeriesWorkload.java:622)
	... 31 more
]]>
            </full-stacktrace>
          </exception>
        </test-method>
        <test-method status="PASS" signature="failedToInitThread()" name="failedToInitThread" duration-ms="1" started-at="2020-10-29T18:38:19Z" finished-at="2020-10-29T18:38:19Z">
          <exception class="java.lang.IllegalStateException">
            <message>
              <![CDATA[Missing thread state.]]>
            </message>
            <full-stacktrace>
              <![CDATA[java.lang.IllegalStateException: Missing thread state.
	at site.ycsb.workloads.TimeSeriesWorkload.doInsert(TimeSeriesWorkload.java:696)
	at site.ycsb.workloads.TestTimeSeriesWorkload.failedToInitThread(TestTimeSeriesWorkload.java:129)
	at sun.reflect.NativeMethodAccessorImpl.invoke0(Native Method)
	at sun.reflect.NativeMethodAccessorImpl.invoke(NativeMethodAccessorImpl.java:62)
	at sun.reflect.DelegatingMethodAccessorImpl.invoke(DelegatingMethodAccessorImpl.java:43)
	at java.lang.reflect.Method.invoke(Method.java:498)
	at org.testng.internal.MethodInvocationHelper.invokeMethod(MethodInvocationHelper.java:80)
	at org.testng.internal.Invoker.invokeMethod(Invoker.java:673)
	at org.testng.internal.Invoker.invokeTestMethod(Invoker.java:842)
	at org.testng.internal.Invoker.invokeTestMethods(Invoker.java:1166)
	at org.testng.internal.TestMethodWorker.invokeTestMethods(TestMethodWorker.java:125)
	at org.testng.internal.TestMethodWorker.run(TestMethodWorker.java:109)
	at org.testng.TestRunner.runWorkers(TestRunner.java:1178)
	at org.testng.TestRunner.privateRun(TestRunner.java:757)
	at org.testng.TestRunner.run(TestRunner.java:608)
	at org.testng.SuiteRunner.runTest(SuiteRunner.java:334)
	at org.testng.SuiteRunner.runSequentially(SuiteRunner.java:329)
	at org.testng.SuiteRunner.privateRun(SuiteRunner.java:291)
	at org.testng.SuiteRunner.run(SuiteRunner.java:240)
	at org.testng.SuiteRunnerWorker.runSuite(SuiteRunnerWorker.java:52)
	at org.testng.SuiteRunnerWorker.run(SuiteRunnerWorker.java:86)
	at org.testng.TestNG.runSuitesSequentially(TestNG.java:1158)
	at org.testng.TestNG.runSuitesLocally(TestNG.java:1083)
	at org.testng.TestNG.run(TestNG.java:999)
	at org.apache.maven.surefire.testng.TestNGExecutor.run(TestNGExecutor.java:115)
	at org.apache.maven.surefire.testng.TestNGDirectoryTestSuite.executeMulti(TestNGDirectoryTestSuite.java:204)
	at org.apache.maven.surefire.testng.TestNGDirectoryTestSuite.execute(TestNGDirectoryTestSuite.java:107)
	at org.apache.maven.surefire.testng.TestNGProvider.invoke(TestNGProvider.java:112)
	at org.apache.maven.surefire.booter.ForkedBooter.invokeProviderInSameClassLoader(ForkedBooter.java:200)
	at org.apache.maven.surefire.booter.ForkedBooter.runSuitesInProcess(ForkedBooter.java:153)
	at org.apache.maven.surefire.booter.ForkedBooter.main(ForkedBooter.java:103)
]]>
            </full-stacktrace>
          </exception>
        </test-method>
        <test-method status="PASS" signature="insertOneKeyOneTagCardinalityOne()" name="insertOneKeyOneTagCardinalityOne" duration-ms="9" started-at="2020-10-29T18:38:19Z" finished-at="2020-10-29T18:38:19Z">
        </test-method>
        <test-method status="PASS" signature="failedToInitWorkloadBeforeThreadInit()" name="failedToInitWorkloadBeforeThreadInit" duration-ms="0" started-at="2020-10-29T18:38:19Z" finished-at="2020-10-29T18:38:19Z">
          <exception class="site.ycsb.WorkloadException">
            <message>
              <![CDATA[Workload has not been initialized.]]>
            </message>
            <full-stacktrace>
              <![CDATA[site.ycsb.WorkloadException: Workload has not been initialized.
	at site.ycsb.workloads.TimeSeriesWorkload.initThread(TimeSeriesWorkload.java:688)
	at site.ycsb.workloads.TestTimeSeriesWorkload.failedToInitWorkloadBeforeThreadInit(TestTimeSeriesWorkload.java:117)
	at sun.reflect.NativeMethodAccessorImpl.invoke0(Native Method)
	at sun.reflect.NativeMethodAccessorImpl.invoke(NativeMethodAccessorImpl.java:62)
	at sun.reflect.DelegatingMethodAccessorImpl.invoke(DelegatingMethodAccessorImpl.java:43)
	at java.lang.reflect.Method.invoke(Method.java:498)
	at org.testng.internal.MethodInvocationHelper.invokeMethod(MethodInvocationHelper.java:80)
	at org.testng.internal.Invoker.invokeMethod(Invoker.java:673)
	at org.testng.internal.Invoker.invokeTestMethod(Invoker.java:842)
	at org.testng.internal.Invoker.invokeTestMethods(Invoker.java:1166)
	at org.testng.internal.TestMethodWorker.invokeTestMethods(TestMethodWorker.java:125)
	at org.testng.internal.TestMethodWorker.run(TestMethodWorker.java:109)
	at org.testng.TestRunner.runWorkers(TestRunner.java:1178)
	at org.testng.TestRunner.privateRun(TestRunner.java:757)
	at org.testng.TestRunner.run(TestRunner.java:608)
	at org.testng.SuiteRunner.runTest(SuiteRunner.java:334)
	at org.testng.SuiteRunner.runSequentially(SuiteRunner.java:329)
	at org.testng.SuiteRunner.privateRun(SuiteRunner.java:291)
	at org.testng.SuiteRunner.run(SuiteRunner.java:240)
	at org.testng.SuiteRunnerWorker.runSuite(SuiteRunnerWorker.java:52)
	at org.testng.SuiteRunnerWorker.run(SuiteRunnerWorker.java:86)
	at org.testng.TestNG.runSuitesSequentially(TestNG.java:1158)
	at org.testng.TestNG.runSuitesLocally(TestNG.java:1083)
	at org.testng.TestNG.run(TestNG.java:999)
	at org.apache.maven.surefire.testng.TestNGExecutor.run(TestNGExecutor.java:115)
	at org.apache.maven.surefire.testng.TestNGDirectoryTestSuite.executeMulti(TestNGDirectoryTestSuite.java:204)
	at org.apache.maven.surefire.testng.TestNGDirectoryTestSuite.execute(TestNGDirectoryTestSuite.java:107)
	at org.apache.maven.surefire.testng.TestNGProvider.invoke(TestNGProvider.java:112)
	at org.apache.maven.surefire.booter.ForkedBooter.invokeProviderInSameClassLoader(ForkedBooter.java:200)
	at org.apache.maven.surefire.booter.ForkedBooter.runSuitesInProcess(ForkedBooter.java:153)
	at org.apache.maven.surefire.booter.ForkedBooter.main(ForkedBooter.java:103)
]]>
            </full-stacktrace>
          </exception>
        </test-method>
        <test-method status="PASS" signature="insertOneKeyTwoTagsLowCardinality()" name="insertOneKeyTwoTagsLowCardinality" duration-ms="4" started-at="2020-10-29T18:38:19Z" finished-at="2020-10-29T18:38:19Z">
        </test-method>
        <test-method status="PASS" signature="insertThreeKeysTwoThreads()" name="insertThreeKeysTwoThreads" duration-ms="1" started-at="2020-10-29T18:38:19Z" finished-at="2020-10-29T18:38:19Z">
        </test-method>
        <test-method status="PASS" signature="insertTwoKeysTwoTagsLowCardinality()" name="insertTwoKeysTwoTagsLowCardinality" duration-ms="3" started-at="2020-10-29T18:38:19Z" finished-at="2020-10-29T18:38:19Z">
        </test-method>
        <test-method status="PASS" signature="insertTwoKeysTwoThreads()" name="insertTwoKeysTwoThreads" duration-ms="1" started-at="2020-10-29T18:38:19Z" finished-at="2020-10-29T18:38:19Z">
        </test-method>
        <test-method status="PASS" signature="insertWithValidation()" name="insertWithValidation" duration-ms="2" started-at="2020-10-29T18:38:19Z" finished-at="2020-10-29T18:38:19Z">
        </test-method>
        <test-method status="PASS" signature="read()" name="read" duration-ms="1" started-at="2020-10-29T18:38:19Z" finished-at="2020-10-29T18:38:19Z">
        </test-method>
        <test-method status="PASS" signature="twoThreads()" name="twoThreads" duration-ms="3" started-at="2020-10-29T18:38:19Z" finished-at="2020-10-29T18:38:19Z">
        </test-method>
        <test-method status="PASS" signature="validateSettingsDataIntegrity()" name="validateSettingsDataIntegrity" duration-ms="2" started-at="2020-10-29T18:38:19Z" finished-at="2020-10-29T18:38:19Z">
        </test-method>
        <test-method status="PASS" signature="verifyRow()" name="verifyRow" duration-ms="7" started-at="2020-10-29T18:38:19Z" finished-at="2020-10-29T18:38:19Z">
        </test-method>
      </class>
      <class name="site.ycsb.generator.TestRandomDiscreteTimestampGenerator">
        <test-method status="PASS" signature="systemTime()" name="systemTime" duration-ms="1" started-at="2020-10-29T18:38:18Z" finished-at="2020-10-29T18:38:18Z">
        </test-method>
        <test-method status="PASS" signature="tooLarge()" name="tooLarge" duration-ms="35" started-at="2020-10-29T18:38:18Z" finished-at="2020-10-29T18:38:18Z">
          <exception class="java.lang.IllegalArgumentException">
            <message>
              <![CDATA[Too many intervals for the in-memory array. The limit is 16777216.]]>
            </message>
            <full-stacktrace>
              <![CDATA[java.lang.IllegalArgumentException: Too many intervals for the in-memory array. The limit is 16777216.
	at site.ycsb.generator.RandomDiscreteTimestampGenerator.setup(RandomDiscreteTimestampGenerator.java:99)
	at site.ycsb.generator.RandomDiscreteTimestampGenerator.<init>(RandomDiscreteTimestampGenerator.java:70)
	at site.ycsb.generator.TestRandomDiscreteTimestampGenerator.tooLarge(TestRandomDiscreteTimestampGenerator.java:69)
	at sun.reflect.NativeMethodAccessorImpl.invoke0(Native Method)
	at sun.reflect.NativeMethodAccessorImpl.invoke(NativeMethodAccessorImpl.java:62)
	at sun.reflect.DelegatingMethodAccessorImpl.invoke(DelegatingMethodAccessorImpl.java:43)
	at java.lang.reflect.Method.invoke(Method.java:498)
	at org.testng.internal.MethodInvocationHelper.invokeMethod(MethodInvocationHelper.java:80)
	at org.testng.internal.Invoker.invokeMethod(Invoker.java:673)
	at org.testng.internal.Invoker.invokeTestMethod(Invoker.java:842)
	at org.testng.internal.Invoker.invokeTestMethods(Invoker.java:1166)
	at org.testng.internal.TestMethodWorker.invokeTestMethods(TestMethodWorker.java:125)
	at org.testng.internal.TestMethodWorker.run(TestMethodWorker.java:109)
	at org.testng.TestRunner.runWorkers(TestRunner.java:1178)
	at org.testng.TestRunner.privateRun(TestRunner.java:757)
	at org.testng.TestRunner.run(TestRunner.java:608)
	at org.testng.SuiteRunner.runTest(SuiteRunner.java:334)
	at org.testng.SuiteRunner.runSequentially(SuiteRunner.java:329)
	at org.testng.SuiteRunner.privateRun(SuiteRunner.java:291)
	at org.testng.SuiteRunner.run(SuiteRunner.java:240)
	at org.testng.SuiteRunnerWorker.runSuite(SuiteRunnerWorker.java:52)
	at org.testng.SuiteRunnerWorker.run(SuiteRunnerWorker.java:86)
	at org.testng.TestNG.runSuitesSequentially(TestNG.java:1158)
	at org.testng.TestNG.runSuitesLocally(TestNG.java:1083)
	at org.testng.TestNG.run(TestNG.java:999)
	at org.apache.maven.surefire.testng.TestNGExecutor.run(TestNGExecutor.java:115)
	at org.apache.maven.surefire.testng.TestNGDirectoryTestSuite.executeMulti(TestNGDirectoryTestSuite.java:204)
	at org.apache.maven.surefire.testng.TestNGDirectoryTestSuite.execute(TestNGDirectoryTestSuite.java:107)
	at org.apache.maven.surefire.testng.TestNGProvider.invoke(TestNGProvider.java:112)
	at org.apache.maven.surefire.booter.ForkedBooter.invokeProviderInSameClassLoader(ForkedBooter.java:200)
	at org.apache.maven.surefire.booter.ForkedBooter.runSuitesInProcess(ForkedBooter.java:153)
	at org.apache.maven.surefire.booter.ForkedBooter.main(ForkedBooter.java:103)
]]>
            </full-stacktrace>
          </exception>
        </test-method>
        <test-method status="PASS" signature="withStartTime()" name="withStartTime" duration-ms="0" started-at="2020-10-29T18:38:18Z" finished-at="2020-10-29T18:38:18Z">
        </test-method>
      </class>
      <class name="site.ycsb.generator.AcknowledgedCounterGeneratorTest">
        <test-method status="PASS" signature="testIncrementPastIntegerMaxValue()" name="testIncrementPastIntegerMaxValue" duration-ms="455" started-at="2020-10-29T18:38:18Z" finished-at="2020-10-29T18:38:18Z">
        </test-method>
      </class>
      <class name="site.ycsb.generator.TestUnixEpochTimestampGenerator">
        <test-method status="PASS" signature="ctorWithIntervalAndUnits()" name="ctorWithIntervalAndUnits" duration-ms="4" started-at="2020-10-29T18:38:18Z" finished-at="2020-10-29T18:38:18Z">
        </test-method>
        <test-method status="PASS" signature="defaultCtor()" name="defaultCtor" duration-ms="0" started-at="2020-10-29T18:38:18Z" finished-at="2020-10-29T18:38:18Z">
        </test-method>
        <test-method status="PASS" signature="ctorWithIntervalAndUnitsAndStart()" name="ctorWithIntervalAndUnitsAndStart" duration-ms="0" started-at="2020-10-29T18:38:18Z" finished-at="2020-10-29T18:38:18Z">
        </test-method>
        <test-method status="PASS" signature="variousIntervalsAndUnits()" name="variousIntervalsAndUnits" duration-ms="1" started-at="2020-10-29T18:38:18Z" finished-at="2020-10-29T18:38:18Z">
        </test-method>
      </class>
      <class name="site.ycsb.measurements.exporter.TestMeasurementsExporter">
        <test-method status="PASS" signature="testJSONArrayMeasurementsExporter()" name="testJSONArrayMeasurementsExporter" duration-ms="176" started-at="2020-10-29T18:38:18Z" finished-at="2020-10-29T18:38:19Z">
        </test-method>
      </class>
      <class name="site.ycsb.TestNumericByteIterator">
        <test-method status="PASS" signature="testDouble()" name="testDouble" duration-ms="1" started-at="2020-10-29T18:38:18Z" finished-at="2020-10-29T18:38:18Z">
        </test-method>
        <test-method status="PASS" signature="testLong()" name="testLong" duration-ms="0" started-at="2020-10-29T18:38:18Z" finished-at="2020-10-29T18:38:18Z">
        </test-method>
      </class>
      <class name="site.ycsb.TestUtils">
        <test-method status="PASS" signature="bytesToDoubleTooShort()" name="bytesToDoubleTooShort" duration-ms="0" started-at="2020-10-29T18:38:18Z" finished-at="2020-10-29T18:38:18Z">
          <exception class="java.lang.IllegalArgumentException">
            <message>
              <![CDATA[Byte array must be 8 bytes wide.]]>
            </message>
            <full-stacktrace>
              <![CDATA[java.lang.IllegalArgumentException: Byte array must be 8 bytes wide.
	at site.ycsb.Utils.bytesToDouble(Utils.java:114)
	at site.ycsb.TestUtils.bytesToDoubleTooShort(TestUtils.java:99)
	at sun.reflect.NativeMethodAccessorImpl.invoke0(Native Method)
	at sun.reflect.NativeMethodAccessorImpl.invoke(NativeMethodAccessorImpl.java:62)
	at sun.reflect.DelegatingMethodAccessorImpl.invoke(DelegatingMethodAccessorImpl.java:43)
	at java.lang.reflect.Method.invoke(Method.java:498)
	at org.testng.internal.MethodInvocationHelper.invokeMethod(MethodInvocationHelper.java:80)
	at org.testng.internal.Invoker.invokeMethod(Invoker.java:673)
	at org.testng.internal.Invoker.invokeTestMethod(Invoker.java:842)
	at org.testng.internal.Invoker.invokeTestMethods(Invoker.java:1166)
	at org.testng.internal.TestMethodWorker.invokeTestMethods(TestMethodWorker.java:125)
	at org.testng.internal.TestMethodWorker.run(TestMethodWorker.java:109)
	at org.testng.TestRunner.runWorkers(TestRunner.java:1178)
	at org.testng.TestRunner.privateRun(TestRunner.java:757)
	at org.testng.TestRunner.run(TestRunner.java:608)
	at org.testng.SuiteRunner.runTest(SuiteRunner.java:334)
	at org.testng.SuiteRunner.runSequentially(SuiteRunner.java:329)
	at org.testng.SuiteRunner.privateRun(SuiteRunner.java:291)
	at org.testng.SuiteRunner.run(SuiteRunner.java:240)
	at org.testng.SuiteRunnerWorker.runSuite(SuiteRunnerWorker.java:52)
	at org.testng.SuiteRunnerWorker.run(SuiteRunnerWorker.java:86)
	at org.testng.TestNG.runSuitesSequentially(TestNG.java:1158)
	at org.testng.TestNG.runSuitesLocally(TestNG.java:1083)
	at org.testng.TestNG.run(TestNG.java:999)
	at org.apache.maven.surefire.testng.TestNGExecutor.run(TestNGExecutor.java:115)
	at org.apache.maven.surefire.testng.TestNGDirectoryTestSuite.executeMulti(TestNGDirectoryTestSuite.java:204)
	at org.apache.maven.surefire.testng.TestNGDirectoryTestSuite.execute(TestNGDirectoryTestSuite.java:107)
	at org.apache.maven.surefire.testng.TestNGProvider.invoke(TestNGProvider.java:112)
	at org.apache.maven.surefire.booter.ForkedBooter.invokeProviderInSameClassLoader(ForkedBooter.java:200)
	at org.apache.maven.surefire.booter.ForkedBooter.runSuitesInProcess(ForkedBooter.java:153)
	at org.apache.maven.surefire.booter.ForkedBooter.main(ForkedBooter.java:103)
]]>
            </full-stacktrace>
          </exception>
        </test-method>
        <test-method status="PASS" signature="bytesToFromDouble()" name="bytesToFromDouble" duration-ms="1" started-at="2020-10-29T18:38:18Z" finished-at="2020-10-29T18:38:18Z">
        </test-method>
        <test-method status="PASS" signature="bytesToLongTooShort()" name="bytesToLongTooShort" duration-ms="0" started-at="2020-10-29T18:38:18Z" finished-at="2020-10-29T18:38:18Z">
          <exception class="java.lang.ArrayIndexOutOfBoundsException">
            <message>
              <![CDATA[7]]>
            </message>
            <full-stacktrace>
              <![CDATA[java.lang.ArrayIndexOutOfBoundsException: 7
	at site.ycsb.Utils.bytesToLong(Utils.java:75)
	at site.ycsb.TestUtils.bytesToLongTooShort(TestUtils.java:94)
	at sun.reflect.NativeMethodAccessorImpl.invoke0(Native Method)
	at sun.reflect.NativeMethodAccessorImpl.invoke(NativeMethodAccessorImpl.java:62)
	at sun.reflect.DelegatingMethodAccessorImpl.invoke(DelegatingMethodAccessorImpl.java:43)
	at java.lang.reflect.Method.invoke(Method.java:498)
	at org.testng.internal.MethodInvocationHelper.invokeMethod(MethodInvocationHelper.java:80)
	at org.testng.internal.Invoker.invokeMethod(Invoker.java:673)
	at org.testng.internal.Invoker.invokeTestMethod(Invoker.java:842)
	at org.testng.internal.Invoker.invokeTestMethods(Invoker.java:1166)
	at org.testng.internal.TestMethodWorker.invokeTestMethods(TestMethodWorker.java:125)
	at org.testng.internal.TestMethodWorker.run(TestMethodWorker.java:109)
	at org.testng.TestRunner.runWorkers(TestRunner.java:1178)
	at org.testng.TestRunner.privateRun(TestRunner.java:757)
	at org.testng.TestRunner.run(TestRunner.java:608)
	at org.testng.SuiteRunner.runTest(SuiteRunner.java:334)
	at org.testng.SuiteRunner.runSequentially(SuiteRunner.java:329)
	at org.testng.SuiteRunner.privateRun(SuiteRunner.java:291)
	at org.testng.SuiteRunner.run(SuiteRunner.java:240)
	at org.testng.SuiteRunnerWorker.runSuite(SuiteRunnerWorker.java:52)
	at org.testng.SuiteRunnerWorker.run(SuiteRunnerWorker.java:86)
	at org.testng.TestNG.runSuitesSequentially(TestNG.java:1158)
	at org.testng.TestNG.runSuitesLocally(TestNG.java:1083)
	at org.testng.TestNG.run(TestNG.java:999)
	at org.apache.maven.surefire.testng.TestNGExecutor.run(TestNGExecutor.java:115)
	at org.apache.maven.surefire.testng.TestNGDirectoryTestSuite.executeMulti(TestNGDirectoryTestSuite.java:204)
	at org.apache.maven.surefire.testng.TestNGDirectoryTestSuite.execute(TestNGDirectoryTestSuite.java:107)
	at org.apache.maven.surefire.testng.TestNGProvider.invoke(TestNGProvider.java:112)
	at org.apache.maven.surefire.booter.ForkedBooter.invokeProviderInSameClassLoader(ForkedBooter.java:200)
	at org.apache.maven.surefire.booter.ForkedBooter.runSuitesInProcess(ForkedBooter.java:153)
	at org.apache.maven.surefire.booter.ForkedBooter.main(ForkedBooter.java:103)
]]>
            </full-stacktrace>
          </exception>
        </test-method>
        <test-method status="PASS" signature="jvmUtils()" name="jvmUtils" duration-ms="55" started-at="2020-10-29T18:38:18Z" finished-at="2020-10-29T18:38:18Z">
        </test-method>
        <test-method status="PASS" signature="bytesToLongNull()" name="bytesToLongNull" duration-ms="0" started-at="2020-10-29T18:38:18Z" finished-at="2020-10-29T18:38:18Z">
          <exception class="java.lang.NullPointerException">
            <full-stacktrace>
              <![CDATA[java.lang.NullPointerException
	at site.ycsb.Utils.bytesToLong(Utils.java:75)
	at site.ycsb.TestUtils.bytesToLongNull(TestUtils.java:89)
	at sun.reflect.NativeMethodAccessorImpl.invoke0(Native Method)
	at sun.reflect.NativeMethodAccessorImpl.invoke(NativeMethodAccessorImpl.java:62)
	at sun.reflect.DelegatingMethodAccessorImpl.invoke(DelegatingMethodAccessorImpl.java:43)
	at java.lang.reflect.Method.invoke(Method.java:498)
	at org.testng.internal.MethodInvocationHelper.invokeMethod(MethodInvocationHelper.java:80)
	at org.testng.internal.Invoker.invokeMethod(Invoker.java:673)
	at org.testng.internal.Invoker.invokeTestMethod(Invoker.java:842)
	at org.testng.internal.Invoker.invokeTestMethods(Invoker.java:1166)
	at org.testng.internal.TestMethodWorker.invokeTestMethods(TestMethodWorker.java:125)
	at org.testng.internal.TestMethodWorker.run(TestMethodWorker.java:109)
	at org.testng.TestRunner.runWorkers(TestRunner.java:1178)
	at org.testng.TestRunner.privateRun(TestRunner.java:757)
	at org.testng.TestRunner.run(TestRunner.java:608)
	at org.testng.SuiteRunner.runTest(SuiteRunner.java:334)
	at org.testng.SuiteRunner.runSequentially(SuiteRunner.java:329)
	at org.testng.SuiteRunner.privateRun(SuiteRunner.java:291)
	at org.testng.SuiteRunner.run(SuiteRunner.java:240)
	at org.testng.SuiteRunnerWorker.runSuite(SuiteRunnerWorker.java:52)
	at org.testng.SuiteRunnerWorker.run(SuiteRunnerWorker.java:86)
	at org.testng.TestNG.runSuitesSequentially(TestNG.java:1158)
	at org.testng.TestNG.runSuitesLocally(TestNG.java:1083)
	at org.testng.TestNG.run(TestNG.java:999)
	at org.apache.maven.surefire.testng.TestNGExecutor.run(TestNGExecutor.java:115)
	at org.apache.maven.surefire.testng.TestNGDirectoryTestSuite.executeMulti(TestNGDirectoryTestSuite.java:204)
	at org.apache.maven.surefire.testng.TestNGDirectoryTestSuite.execute(TestNGDirectoryTestSuite.java:107)
	at org.apache.maven.surefire.testng.TestNGProvider.invoke(TestNGProvider.java:112)
	at org.apache.maven.surefire.booter.ForkedBooter.invokeProviderInSameClassLoader(ForkedBooter.java:200)
	at org.apache.maven.surefire.booter.ForkedBooter.runSuitesInProcess(ForkedBooter.java:153)
	at org.apache.maven.surefire.booter.ForkedBooter.main(ForkedBooter.java:103)
]]>
            </full-stacktrace>
          </exception>
        </test-method>
        <test-method status="PASS" signature="bytesToFromLong()" name="bytesToFromLong" duration-ms="0" started-at="2020-10-29T18:38:18Z" finished-at="2020-10-29T18:38:18Z">
        </test-method>
      </class>
      <class name="site.ycsb.workloads.TestCoreWorkload">
        <test-method status="PASS" signature="createOperationChooser()" name="createOperationChooser" duration-ms="4" started-at="2020-10-29T18:38:19Z" finished-at="2020-10-29T18:38:19Z">
        </test-method>
        <test-method status="PASS" signature="createOperationChooserNullProperties()" name="createOperationChooserNullProperties" duration-ms="0" started-at="2020-10-29T18:38:19Z" finished-at="2020-10-29T18:38:19Z">
          <exception class="java.lang.IllegalArgumentException">
            <message>
              <![CDATA[Properties object cannot be null]]>
            </message>
            <full-stacktrace>
              <![CDATA[java.lang.IllegalArgumentException: Properties object cannot be null
	at site.ycsb.workloads.CoreWorkload.createOperationGenerator(CoreWorkload.java:843)
	at site.ycsb.workloads.TestCoreWorkload.createOperationChooserNullProperties(TestCoreWorkload.java:68)
	at sun.reflect.NativeMethodAccessorImpl.invoke0(Native Method)
	at sun.reflect.NativeMethodAccessorImpl.invoke(NativeMethodAccessorImpl.java:62)
	at sun.reflect.DelegatingMethodAccessorImpl.invoke(DelegatingMethodAccessorImpl.java:43)
	at java.lang.reflect.Method.invoke(Method.java:498)
	at org.testng.internal.MethodInvocationHelper.invokeMethod(MethodInvocationHelper.java:80)
	at org.testng.internal.Invoker.invokeMethod(Invoker.java:673)
	at org.testng.internal.Invoker.invokeTestMethod(Invoker.java:842)
	at org.testng.internal.Invoker.invokeTestMethods(Invoker.java:1166)
	at org.testng.internal.TestMethodWorker.invokeTestMethods(TestMethodWorker.java:125)
	at org.testng.internal.TestMethodWorker.run(TestMethodWorker.java:109)
	at org.testng.TestRunner.runWorkers(TestRunner.java:1178)
	at org.testng.TestRunner.privateRun(TestRunner.java:757)
	at org.testng.TestRunner.run(TestRunner.java:608)
	at org.testng.SuiteRunner.runTest(SuiteRunner.java:334)
	at org.testng.SuiteRunner.runSequentially(SuiteRunner.java:329)
	at org.testng.SuiteRunner.privateRun(SuiteRunner.java:291)
	at org.testng.SuiteRunner.run(SuiteRunner.java:240)
	at org.testng.SuiteRunnerWorker.runSuite(SuiteRunnerWorker.java:52)
	at org.testng.SuiteRunnerWorker.run(SuiteRunnerWorker.java:86)
	at org.testng.TestNG.runSuitesSequentially(TestNG.java:1158)
	at org.testng.TestNG.runSuitesLocally(TestNG.java:1083)
	at org.testng.TestNG.run(TestNG.java:999)
	at org.apache.maven.surefire.testng.TestNGExecutor.run(TestNGExecutor.java:115)
	at org.apache.maven.surefire.testng.TestNGDirectoryTestSuite.executeMulti(TestNGDirectoryTestSuite.java:204)
	at org.apache.maven.surefire.testng.TestNGDirectoryTestSuite.execute(TestNGDirectoryTestSuite.java:107)
	at org.apache.maven.surefire.testng.TestNGProvider.invoke(TestNGProvider.java:112)
	at org.apache.maven.surefire.booter.ForkedBooter.invokeProviderInSameClassLoader(ForkedBooter.java:200)
	at org.apache.maven.surefire.booter.ForkedBooter.runSuitesInProcess(ForkedBooter.java:153)
	at org.apache.maven.surefire.booter.ForkedBooter.main(ForkedBooter.java:103)
]]>
            </full-stacktrace>
          </exception>
        </test-method>
      </class>
      <class name="site.ycsb.generator.TestZipfianGenerator">
        <test-method status="PASS" signature="testMinAndMaxParameter()" name="testMinAndMaxParameter" duration-ms="5" started-at="2020-10-29T18:38:18Z" finished-at="2020-10-29T18:38:18Z">
        </test-method>
      </class>
      <class name="site.ycsb.generator.TestIncrementingPrintableStringGenerator">
        <test-method status="PASS" signature="invalidCharacterSets()" name="invalidCharacterSets" duration-ms="1" started-at="2020-10-29T18:38:18Z" finished-at="2020-10-29T18:38:18Z">
        </test-method>
        <test-method status="PASS" signature="rolloverException()" name="rolloverException" duration-ms="0" started-at="2020-10-29T18:38:18Z" finished-at="2020-10-29T18:38:18Z">
        </test-method>
        <test-method status="PASS" signature="invalidLengths()" name="invalidLengths" duration-ms="0" started-at="2020-10-29T18:38:18Z" finished-at="2020-10-29T18:38:18Z">
        </test-method>
        <test-method status="PASS" signature="rolloverOK()" name="rolloverOK" duration-ms="1" started-at="2020-10-29T18:38:18Z" finished-at="2020-10-29T18:38:18Z">
        </test-method>
        <test-method status="PASS" signature="rolloverOneCharacterOK()" name="rolloverOneCharacterOK" duration-ms="0" started-at="2020-10-29T18:38:18Z" finished-at="2020-10-29T18:38:18Z">
        </test-method>
        <test-method status="PASS" signature="rolloverOneCharacterException()" name="rolloverOneCharacterException" duration-ms="0" started-at="2020-10-29T18:38:18Z" finished-at="2020-10-29T18:38:18Z">
        </test-method>
      </class>
      <class name="site.ycsb.TestStatus">
        <test-method status="PASS" signature="testAcceptableStatus()" name="testAcceptableStatus" duration-ms="2" started-at="2020-10-29T18:38:18Z" finished-at="2020-10-29T18:38:18Z">
        </test-method>
      </class>
      <class name="site.ycsb.TestByteIterator">
        <test-method status="PASS" signature="testRandomByteIterator()" name="testRandomByteIterator" duration-ms="7" started-at="2020-10-29T18:38:18Z" finished-at="2020-10-29T18:38:18Z">
        </test-method>
      </class>
    </test>
  </suite>
</testng-results>
